This is pdfTeX, Version 3.14159265-2.6-1.40.20 (TeX Live 2019/Arch Linux) (preloaded format=pdflatex 2019.9.5)  26 NOV 2019 16:15
entering extended mode
 restricted \write18 enabled.
 %&-line parsing enabled.
**Template.tex
(./Template.tex
LaTeX2e <2018-12-01>
(/usr/share/texmf-dist/tex/latex/base/article.cls
Document Class: article 2018/09/03 v1.4i Standard LaTeX document class
(/usr/share/texmf-dist/tex/latex/base/size10.clo
File: size10.clo 2018/09/03 v1.4i Standard LaTeX file (size option)
)
\c@part=\count80
\c@section=\count81
\c@subsection=\count82
\c@subsubsection=\count83
\c@paragraph=\count84
\c@subparagraph=\count85
\c@figure=\count86
\c@table=\count87
\abovecaptionskip=\skip41
\belowcaptionskip=\skip42
\bibindent=\dimen102
) (./spconf.sty)
(/usr/share/texmf-dist/tex/latex/amsmath/amsmath.sty
Package: amsmath 2018/12/01 v2.17b AMS math features
\@mathmargin=\skip43

For additional information on amsmath, use the `?' option.
(/usr/share/texmf-dist/tex/latex/amsmath/amstext.sty
Package: amstext 2000/06/29 v2.01 AMS text

(/usr/share/texmf-dist/tex/latex/amsmath/amsgen.sty
File: amsgen.sty 1999/11/30 v2.0 generic functions
\@emptytoks=\toks14
\ex@=\dimen103
))
(/usr/share/texmf-dist/tex/latex/amsmath/amsbsy.sty
Package: amsbsy 1999/11/29 v1.2d Bold Symbols
\pmbraise@=\dimen104
)
(/usr/share/texmf-dist/tex/latex/amsmath/amsopn.sty
Package: amsopn 2016/03/08 v2.02 operator names
)
\inf@bad=\count88
LaTeX Info: Redefining \frac on input line 223.
\uproot@=\count89
\leftroot@=\count90
LaTeX Info: Redefining \overline on input line 385.
\classnum@=\count91
\DOTSCASE@=\count92
LaTeX Info: Redefining \ldots on input line 482.
LaTeX Info: Redefining \dots on input line 485.
LaTeX Info: Redefining \cdots on input line 606.
\Mathstrutbox@=\box27
\strutbox@=\box28
\big@size=\dimen105
LaTeX Font Info:    Redeclaring font encoding OML on input line 729.
LaTeX Font Info:    Redeclaring font encoding OMS on input line 730.
\macc@depth=\count93
\c@MaxMatrixCols=\count94
\dotsspace@=\muskip10
\c@parentequation=\count95
\dspbrk@lvl=\count96
\tag@help=\toks15
\row@=\count97
\column@=\count98
\maxfields@=\count99
\andhelp@=\toks16
\eqnshift@=\dimen106
\alignsep@=\dimen107
\tagshift@=\dimen108
\tagwidth@=\dimen109
\totwidth@=\dimen110
\lineht@=\dimen111
\@envbody=\toks17
\multlinegap=\skip44
\multlinetaggap=\skip45
\mathdisplay@stack=\toks18
LaTeX Info: Redefining \[ on input line 2844.
LaTeX Info: Redefining \] on input line 2845.
)
(/usr/share/texmf-dist/tex/latex/graphics/graphicx.sty
Package: graphicx 2017/06/01 v1.1a Enhanced LaTeX Graphics (DPC,SPQR)

(/usr/share/texmf-dist/tex/latex/graphics/keyval.sty
Package: keyval 2014/10/28 v1.15 key=value parser (DPC)
\KV@toks@=\toks19
)
(/usr/share/texmf-dist/tex/latex/graphics/graphics.sty
Package: graphics 2017/06/25 v1.2c Standard LaTeX Graphics (DPC,SPQR)

(/usr/share/texmf-dist/tex/latex/graphics/trig.sty
Package: trig 2016/01/03 v1.10 sin cos tan (DPC)
)
(/usr/share/texmf-dist/tex/latex/graphics-cfg/graphics.cfg
File: graphics.cfg 2016/06/04 v1.11 sample graphics configuration
)
Package graphics Info: Driver file: pdftex.def on input line 99.

(/usr/share/texmf-dist/tex/latex/graphics-def/pdftex.def
File: pdftex.def 2018/01/08 v1.0l Graphics/color driver for pdftex
))
\Gin@req@height=\dimen112
\Gin@req@width=\dimen113
)
(/usr/share/texmf-dist/tex/latex/float/float.sty
Package: float 2001/11/08 v1.3d Float enhancements (AL)
\c@float@type=\count100
\float@exts=\toks20
\float@box=\box29
\@float@everytoks=\toks21
\@floatcapt=\box30
)
(/usr/share/texmf-dist/tex/latex/hyperref/hyperref.sty
Package: hyperref 2018/11/30 v6.88e Hypertext links for LaTeX

(/usr/share/texmf-dist/tex/generic/oberdiek/hobsub-hyperref.sty
Package: hobsub-hyperref 2016/05/16 v1.14 Bundle oberdiek, subset hyperref (HO)


(/usr/share/texmf-dist/tex/generic/oberdiek/hobsub-generic.sty
Package: hobsub-generic 2016/05/16 v1.14 Bundle oberdiek, subset generic (HO)
Package: hobsub 2016/05/16 v1.14 Construct package bundles (HO)
Package: infwarerr 2016/05/16 v1.4 Providing info/warning/error messages (HO)
Package: ltxcmds 2016/05/16 v1.23 LaTeX kernel commands for general use (HO)
Package: ifluatex 2016/05/16 v1.4 Provides the ifluatex switch (HO)
Package ifluatex Info: LuaTeX not detected.
Package: ifvtex 2016/05/16 v1.6 Detect VTeX and its facilities (HO)
Package ifvtex Info: VTeX not detected.
Package: intcalc 2016/05/16 v1.2 Expandable calculations with integers (HO)
Package: ifpdf 2018/09/07 v3.3 Provides the ifpdf switch
Package: etexcmds 2016/05/16 v1.6 Avoid name clashes with e-TeX commands (HO)
Package: kvsetkeys 2016/05/16 v1.17 Key value parser (HO)
Package: kvdefinekeys 2016/05/16 v1.4 Define keys (HO)
Package: pdftexcmds 2018/09/10 v0.29 Utility functions of pdfTeX for LuaTeX (HO
)
Package pdftexcmds Info: LuaTeX not detected.
Package pdftexcmds Info: \pdf@primitive is available.
Package pdftexcmds Info: \pdf@ifprimitive is available.
Package pdftexcmds Info: \pdfdraftmode found.
Package: pdfescape 2016/05/16 v1.14 Implements pdfTeX's escape features (HO)
Package: bigintcalc 2016/05/16 v1.4 Expandable calculations on big integers (HO
)
Package: bitset 2016/05/16 v1.2 Handle bit-vector datatype (HO)
Package: uniquecounter 2016/05/16 v1.3 Provide unlimited unique counter (HO)
)
Package hobsub Info: Skipping package `hobsub' (already loaded).
Package: letltxmacro 2016/05/16 v1.5 Let assignment for LaTeX macros (HO)
Package: hopatch 2016/05/16 v1.3 Wrapper for package hooks (HO)
Package: xcolor-patch 2016/05/16 xcolor patch
Package: atveryend 2016/05/16 v1.9 Hooks at the very end of document (HO)
Package atveryend Info: \enddocument detected (standard20110627).
Package: atbegshi 2016/06/09 v1.18 At begin shipout hook (HO)
Package: refcount 2016/05/16 v3.5 Data extraction from label references (HO)
Package: hycolor 2016/05/16 v1.8 Color options for hyperref/bookmark (HO)
)
(/usr/share/texmf-dist/tex/generic/ifxetex/ifxetex.sty
Package: ifxetex 2010/09/12 v0.6 Provides ifxetex conditional
)
(/usr/share/texmf-dist/tex/latex/oberdiek/auxhook.sty
Package: auxhook 2016/05/16 v1.4 Hooks for auxiliary files (HO)
)
(/usr/share/texmf-dist/tex/latex/oberdiek/kvoptions.sty
Package: kvoptions 2016/05/16 v3.12 Key value format for package options (HO)
)
\@linkdim=\dimen114
\Hy@linkcounter=\count101
\Hy@pagecounter=\count102

(/usr/share/texmf-dist/tex/latex/hyperref/pd1enc.def
File: pd1enc.def 2018/11/30 v6.88e Hyperref: PDFDocEncoding definition (HO)
Now handling font encoding PD1 ...
... no UTF-8 mapping file for font encoding PD1
)
\Hy@SavedSpaceFactor=\count103

(/usr/share/texmf-dist/tex/latex/latexconfig/hyperref.cfg
File: hyperref.cfg 2002/06/06 v1.2 hyperref configuration of TeXLive
)
Package hyperref Info: Hyper figures OFF on input line 4519.
Package hyperref Info: Link nesting OFF on input line 4524.
Package hyperref Info: Hyper index ON on input line 4527.
Package hyperref Info: Plain pages OFF on input line 4534.
Package hyperref Info: Backreferencing OFF on input line 4539.
Package hyperref Info: Implicit mode ON; LaTeX internals redefined.
Package hyperref Info: Bookmarks ON on input line 4772.
\c@Hy@tempcnt=\count104

(/usr/share/texmf-dist/tex/latex/url/url.sty
\Urlmuskip=\muskip11
Package: url 2013/09/16  ver 3.4  Verb mode for urls, etc.
)
LaTeX Info: Redefining \url on input line 5125.
\XeTeXLinkMargin=\dimen115
\Fld@menulength=\count105
\Field@Width=\dimen116
\Fld@charsize=\dimen117
Package hyperref Info: Hyper figures OFF on input line 6380.
Package hyperref Info: Link nesting OFF on input line 6385.
Package hyperref Info: Hyper index ON on input line 6388.
Package hyperref Info: backreferencing OFF on input line 6395.
Package hyperref Info: Link coloring OFF on input line 6400.
Package hyperref Info: Link coloring with OCG OFF on input line 6405.
Package hyperref Info: PDF/A mode OFF on input line 6410.
LaTeX Info: Redefining \ref on input line 6450.
LaTeX Info: Redefining \pageref on input line 6454.
\Hy@abspage=\count106
\c@Item=\count107
\c@Hfootnote=\count108
)
Package hyperref Info: Driver (autodetected): hpdftex.

(/usr/share/texmf-dist/tex/latex/hyperref/hpdftex.def
File: hpdftex.def 2018/11/30 v6.88e Hyperref driver for pdfTeX
\Fld@listcount=\count109
\c@bookmark@seq@number=\count110

(/usr/share/texmf-dist/tex/latex/oberdiek/rerunfilecheck.sty
Package: rerunfilecheck 2016/05/16 v1.8 Rerun checks for auxiliary files (HO)
Package uniquecounter Info: New unique counter `rerunfilecheck' on input line 2
82.
)
\Hy@SectionHShift=\skip46
)
(/usr/share/texmf-dist/tex/latex/amsfonts/amssymb.sty
Package: amssymb 2013/01/14 v3.01 AMS font symbols

(/usr/share/texmf-dist/tex/latex/amsfonts/amsfonts.sty
Package: amsfonts 2013/01/14 v3.01 Basic AMSFonts support
\symAMSa=\mathgroup4
\symAMSb=\mathgroup5
LaTeX Font Info:    Overwriting math alphabet `\mathfrak' in version `bold'
(Font)                  U/euf/m/n --> U/euf/b/n on input line 106.
))
(/usr/share/texmf-dist/tex/latex/pdfpages/pdfpages.sty
Package: pdfpages 2017/10/31 v0.5l Insert pages of external PDF documents (AM)

(/usr/share/texmf-dist/tex/latex/base/ifthen.sty
Package: ifthen 2014/09/29 v1.1c Standard LaTeX ifthen package (DPC)
)
(/usr/share/texmf-dist/tex/latex/tools/calc.sty
Package: calc 2017/05/25 v4.3 Infix arithmetic (KKT,FJ)
\calc@Acount=\count111
\calc@Bcount=\count112
\calc@Adimen=\dimen118
\calc@Bdimen=\dimen119
\calc@Askip=\skip47
\calc@Bskip=\skip48
LaTeX Info: Redefining \setlength on input line 80.
LaTeX Info: Redefining \addtolength on input line 81.
\calc@Ccount=\count113
\calc@Cskip=\skip49
)
(/usr/share/texmf-dist/tex/latex/eso-pic/eso-pic.sty
Package: eso-pic 2018/04/12 v2.0h eso-pic (RN)

(/usr/share/texmf-dist/tex/latex/xcolor/xcolor.sty
Package: xcolor 2016/05/11 v2.12 LaTeX color extensions (UK)

(/usr/share/texmf-dist/tex/latex/graphics-cfg/color.cfg
File: color.cfg 2016/01/02 v1.6 sample color configuration
)
Package xcolor Info: Driver file: pdftex.def on input line 225.
Package xcolor Info: Model `cmy' substituted by `cmy0' on input line 1348.
Package xcolor Info: Model `hsb' substituted by `rgb' on input line 1352.
Package xcolor Info: Model `RGB' extended on input line 1364.
Package xcolor Info: Model `HTML' substituted by `rgb' on input line 1366.
Package xcolor Info: Model `Hsb' substituted by `hsb' on input line 1367.
Package xcolor Info: Model `tHsb' substituted by `hsb' on input line 1368.
Package xcolor Info: Model `HSB' substituted by `hsb' on input line 1369.
Package xcolor Info: Model `Gray' substituted by `gray' on input line 1370.
Package xcolor Info: Model `wave' substituted by `hsb' on input line 1371.
))
\AM@pagewidth=\dimen120
\AM@pageheight=\dimen121

(/usr/share/texmf-dist/tex/latex/pdfpages/pppdftex.def
File: pppdftex.def 2017/10/31 v0.5l Pdfpages driver for pdfTeX (AM)
)
\AM@pagebox=\box31
\AM@global@opts=\toks22
\AM@toc@title=\toks23
\c@AM@survey=\count114
\AM@templatesizebox=\box32
) (./Template.aux

LaTeX Warning: Label `fig:res' multiply defined.


LaTeX Warning: Label `fig:res' multiply defined.


LaTeX Warning: Label `fig:res' multiply defined.

)
\openout1 = `Template.aux'.

LaTeX Font Info:    Checking defaults for OML/cmm/m/it on input line 43.
LaTeX Font Info:    ... okay on input line 43.
LaTeX Font Info:    Checking defaults for T1/cmr/m/n on input line 43.
LaTeX Font Info:    ... okay on input line 43.
LaTeX Font Info:    Checking defaults for OT1/cmr/m/n on input line 43.
LaTeX Font Info:    ... okay on input line 43.
LaTeX Font Info:    Checking defaults for OMS/cmsy/m/n on input line 43.
LaTeX Font Info:    ... okay on input line 43.
LaTeX Font Info:    Checking defaults for OMX/cmex/m/n on input line 43.
LaTeX Font Info:    ... okay on input line 43.
LaTeX Font Info:    Checking defaults for U/cmr/m/n on input line 43.
LaTeX Font Info:    ... okay on input line 43.
LaTeX Font Info:    Checking defaults for PD1/pdf/m/n on input line 43.
LaTeX Font Info:    ... okay on input line 43.
LaTeX Font Info:    Try loading font information for OT1+ptm on input line 43.
 (/usr/share/texmf-dist/tex/latex/psnfss/ot1ptm.fd
File: ot1ptm.fd 2001/06/04 font definitions for OT1/ptm.
)
(/usr/share/texmf-dist/tex/context/base/mkii/supp-pdf.mkii
[Loading MPS to PDF converter (version 2006.09.02).]
\scratchcounter=\count115
\scratchdimen=\dimen122
\scratchbox=\box33
\nofMPsegments=\count116
\nofMParguments=\count117
\everyMPshowfont=\toks24
\MPscratchCnt=\count118
\MPscratchDim=\dimen123
\MPnumerator=\count119
\makeMPintoPDFobject=\count120
\everyMPtoPDFconversion=\toks25
) (/usr/share/texmf-dist/tex/latex/oberdiek/epstopdf-base.sty
Package: epstopdf-base 2016/05/15 v2.6 Base part for package epstopdf

(/usr/share/texmf-dist/tex/latex/oberdiek/grfext.sty
Package: grfext 2016/05/16 v1.2 Manage graphics extensions (HO)
)
Package epstopdf-base Info: Redefining graphics rule for `.eps' on input line 4
38.
Package grfext Info: Graphics extension search list:
(grfext)             [.pdf,.png,.jpg,.mps,.jpeg,.jbig2,.jb2,.PDF,.PNG,.JPG,.JPE
G,.JBIG2,.JB2,.eps]
(grfext)             \AppendGraphicsExtensions on input line 456.

(/usr/share/texmf-dist/tex/latex/latexconfig/epstopdf-sys.cfg
File: epstopdf-sys.cfg 2010/07/13 v1.3 Configuration of (r)epstopdf for TeX Liv
e
))
\AtBeginShipoutBox=\box34
Package hyperref Info: Link coloring OFF on input line 43.

(/usr/share/texmf-dist/tex/latex/hyperref/nameref.sty
Package: nameref 2016/05/21 v2.44 Cross-referencing by name of section

(/usr/share/texmf-dist/tex/generic/oberdiek/gettitlestring.sty
Package: gettitlestring 2016/05/16 v1.5 Cleanup title references (HO)
)
\c@section@level=\count121
)
LaTeX Info: Redefining \ref on input line 43.
LaTeX Info: Redefining \pageref on input line 43.
LaTeX Info: Redefining \nameref on input line 43.

(./Template.out) (./Template.out)
\@outlinefile=\write3
\openout3 = `Template.out'.


(/usr/share/texmf-dist/tex/latex/oberdiek/pdflscape.sty
Package: pdflscape 2016/05/14 v0.11 Display of landscape pages in PDF (HO)

(/usr/share/texmf-dist/tex/latex/graphics/lscape.sty
Package: lscape 2000/10/22 v3.01 Landscape Pages (DPC)
)
Package pdflscape Info: Auto-detected driver: pdftex on input line 81.
)
LaTeX Font Info:    Font shape `OT1/ptm/bx/n' in size <12> not available
(Font)              Font shape `OT1/ptm/b/n' tried instead on input line 48.
LaTeX Font Info:    Font shape `OT1/ptm/bx/n' in size <10> not available
(Font)              Font shape `OT1/ptm/b/n' tried instead on input line 48.
LaTeX Font Info:    Try loading font information for U+msa on input line 48.

(/usr/share/texmf-dist/tex/latex/amsfonts/umsa.fd
File: umsa.fd 2013/01/14 v3.01 AMS symbols A
)
LaTeX Font Info:    Try loading font information for U+msb on input line 48.

(/usr/share/texmf-dist/tex/latex/amsfonts/umsb.fd
File: umsb.fd 2013/01/14 v3.01 AMS symbols B
)
LaTeX Font Info:    Font shape `OT1/ptm/bx/it' in size <10> not available
(Font)              Font shape `OT1/ptm/b/it' tried instead on input line 52.
Package epstopdf Info: Source file: <Figures/tts.eps>
(epstopdf)                    date: 2019-11-09 14:23:52
(epstopdf)                    size: 383539 bytes
(epstopdf)             Output file: <Figures/tts-eps-converted-to.pdf>
(epstopdf)                    date: 2019-11-26 10:21:26
(epstopdf)                    size: 143603 bytes
(epstopdf)             Command: <repstopdf --outfile=Figures/tts-eps-converted-
to.pdf Figures/tts.eps>
(epstopdf)             \includegraphics on input line 64.
Package epstopdf Info: Output file is already uptodate.
<Figures/tts-eps-converted-to.pdf, id=61, 899.36pt x 113.42375pt>
File: Figures/tts-eps-converted-to.pdf Graphic file (type pdf)
<use Figures/tts-eps-converted-to.pdf>
Package pdftex.def Info: Figures/tts-eps-converted-to.pdf  used on input line 6
4.
(pdftex.def)             Requested size: 241.84842pt x 30.5002pt.

Overfull \hbox (16.9036pt too wide) in paragraph at lines 76--77
\OT1/ptm/m/n/10 em uma es-tru-tura em co-mum con-tendo duas partes: transforma[
][]ao
 []


Underfull \hbox (badness 1360) in paragraph at lines 76--77
\OT1/ptm/m/n/10 cala que mel-hor rep-re-senta a percep[][]ao do ou-vido hu-
 []

Package epstopdf Info: Source file: <Figures/gen.eps>
(epstopdf)                    date: 2019-11-09 14:24:16
(epstopdf)                    size: 400794 bytes
(epstopdf)             Output file: <Figures/gen-eps-converted-to.pdf>
(epstopdf)                    date: 2019-11-26 10:02:20
(epstopdf)                    size: 227561 bytes
(epstopdf)             Command: <repstopdf --outfile=Figures/gen-eps-converted-
to.pdf Figures/gen.eps>
(epstopdf)             \includegraphics on input line 95.
Package epstopdf Info: Output file is already uptodate.
<Figures/gen-eps-converted-to.pdf, id=71, 963.6pt x 542.025pt>
File: Figures/gen-eps-converted-to.pdf Graphic file (type pdf)
<use Figures/gen-eps-converted-to.pdf>
Package pdftex.def Info: Figures/gen-eps-converted-to.pdf  used on input line 9
5.
(pdftex.def)             Requested size: 270.30118pt x 152.0389pt.

Overfull \hbox (152.84926pt too wide) in paragraph at lines 95--98
[][]
 []

Package epstopdf Info: Source file: <Figures/res_stack.eps>
(epstopdf)                    date: 2019-11-09 14:23:57
(epstopdf)                    size: 25005 bytes
(epstopdf)             Output file: <Figures/res_stack-eps-converted-to.pdf>
(epstopdf)                    date: 2019-11-26 10:14:14
(epstopdf)                    size: 10636 bytes
(epstopdf)             Command: <repstopdf --outfile=Figures/res_stack-eps-conv
erted-to.pdf Figures/res_stack.eps>
(epstopdf)             \includegraphics on input line 101.
Package epstopdf Info: Output file is already uptodate.
<Figures/res_stack-eps-converted-to.pdf, id=72, 324.21124pt x 647.41875pt>
File: Figures/res_stack-eps-converted-to.pdf Graphic file (type pdf)
<use Figures/res_stack-eps-converted-to.pdf>
Package pdftex.def Info: Figures/res_stack-eps-converted-to.pdf  used on input 
line 101.
(pdftex.def)             Requested size: 71.13188pt x 142.0374pt.
[1{/var/lib/texmf/fonts/map/pdftex/updmap/pdftex.map}



 <./Figures/tts-eps-converted-to.pdf>]
Package epstopdf Info: Source file: <Figures/dis.eps>
(epstopdf)                    date: 2019-11-26 15:06:18
(epstopdf)                    size: 397782 bytes
(epstopdf)             Output file: <Figures/dis-eps-converted-to.pdf>
(epstopdf)                    date: 2019-11-26 15:06:37
(epstopdf)                    size: 226704 bytes
(epstopdf)             Command: <repstopdf --outfile=Figures/dis-eps-converted-
to.pdf Figures/dis.eps>
(epstopdf)             \includegraphics on input line 123.
Package epstopdf Info: Output file is already uptodate.
<Figures/dis-eps-converted-to.pdf, id=100, 963.6pt x 542.025pt>
File: Figures/dis-eps-converted-to.pdf Graphic file (type pdf)
<use Figures/dis-eps-converted-to.pdf>
Package pdftex.def Info: Figures/dis-eps-converted-to.pdf  used on input line 1
23.
(pdftex.def)             Requested size: 241.84842pt x 136.03523pt.

Underfull \hbox (badness 1147) in paragraph at lines 133--134
\OT1/ptm/m/n/10 tru-tura id[]entica mas operando em difer-entes frequ[]encias
 []


Overfull \hbox (22.71776pt too wide) detected at line 141
[] [] \U/msb/m/n/10 E[][] []\OT1/cmr/m/n/10 (0\OML/cmm/m/it/10 ; \OT1/cmr/m/n/1
0 1 \OMS/cmsy/m/n/10 ^^@ \OML/cmm/m/it/10 D[]\OT1/cmr/m/n/10 (\OML/cmm/m/it/10 
x\OT1/cmr/m/n/10 ))[] + \U/msb/m/n/10 E[][] []\OT1/cmr/m/n/10 (0\OML/cmm/m/it/1
0 ; \OT1/cmr/m/n/10 1 + \OML/cmm/m/it/10 D[]\OT1/cmr/m/n/10 (\OML/cmm/m/it/10 G
\OT1/cmr/m/n/10 (\OML/cmm/m/it/10 s; z\OT1/cmr/m/n/10 )))[]\OML/cmm/m/it/10 ;  
\OMS/cmsy/m/n/10 8\OML/cmm/m/it/10 k[] 
 []


Overfull \hbox (0.94336pt too wide) detected at line 151
[]\OMS/cmsy/m/n/10 L[]\OT1/cmr/m/n/10 (\OML/cmm/m/it/10 G; D[]\OT1/cmr/m/n/10 )
 = \U/msb/m/n/10 E[][] [] []\OMS/cmsy/m/n/10 jj\OML/cmm/m/it/10 D[]\OT1/cmr/m/n
/10 (\OML/cmm/m/it/10 x\OT1/cmr/m/n/10 ) \OMS/cmsy/m/n/10 ^^@ \OML/cmm/m/it/10 
D[]\OT1/cmr/m/n/10 (\OML/cmm/m/it/10 G\OT1/cmr/m/n/10 (\OML/cmm/m/it/10 s\OT1/c
mr/m/n/10 ))\OMS/cmsy/m/n/10 jj[][]
 []


Overfull \hbox (15.85309pt too wide) in paragraph at lines 161--162
\OT1/ptm/m/n/10 O Cor-pus uti-lizado foi obtido nas bib-liote-cas aber-tas Libr
iVox[[]]
 []

[2 <./Figures/gen-eps-converted-to.pdf> <./Figures/res_stack-eps-converted-to.p
df> <./Figures/dis-eps-converted-to.pdf>]
<Figures/dist_duracao.png, id=165, 1156.32pt x 650.43pt>
File: Figures/dist_duracao.png Graphic file (type png)
<use Figures/dist_duracao.png>
Package pdftex.def Info: Figures/dist_duracao.png  used on input line 172.
(pdftex.def)             Requested size: 241.84842pt x 136.03854pt.

Overfull \hbox (2.30322pt too wide) in paragraph at lines 179--180
\OT1/ptm/m/n/10 garan-tir um tamanho m[]^^Pnimo. A Figura []4[] mostra a distri
bui[][]ao
 []


Overfull \hbox (33.51443pt too wide) in paragraph at lines 212--222
 [][] 
 []

<Figures/discriminator_loss.png, id=177, 727.21687pt x 306.39468pt>
File: Figures/discriminator_loss.png Graphic file (type png)
<use Figures/discriminator_loss.png>
Package pdftex.def Info: Figures/discriminator_loss.png  used on input line 234
.
(pdftex.def)             Requested size: 241.84842pt x 101.89598pt.
<Figures/generator_loss.png, id=178, 724.95844pt x 307.90031pt>
File: Figures/generator_loss.png Graphic file (type png)
<use Figures/generator_loss.png>
Package pdftex.def Info: Figures/generator_loss.png  used on input line 241.
(pdftex.def)             Requested size: 241.84842pt x 102.71617pt.
<Figures/feature_matching.png, id=179, 718.18312pt x 307.1475pt>
File: Figures/feature_matching.png Graphic file (type png)
<use Figures/feature_matching.png>
Package pdftex.def Info: Figures/feature_matching.png  used on input line 248.
(pdftex.def)             Requested size: 113.81102pt x 48.67123pt.
<Figures/mel_reconstruction.png, id=180, 719.68875pt x 309.40594pt>
File: Figures/mel_reconstruction.png Graphic file (type png)
<use Figures/mel_reconstruction.png>
Package pdftex.def Info: Figures/mel_reconstruction.png  used on input line 255
.
(pdftex.def)             Requested size: 113.81102pt x 48.92525pt.

Underfull \hbox (badness 1024) in paragraph at lines 265--266
\OT1/ptm/m/n/10 ou de-cresci-mento abrupto na fun[][]ao de perda, po-dendo
 []


Underfull \hbox (badness 1052) in paragraph at lines 265--266
\OT1/ptm/m/n/10 do espectrograma-mel(definida pela dist[]ancia L1 en-tre a
 []

[3 <./Figures/dist_duracao.png> <./Figures/discriminator_loss.png (PNG copy)> <
./Figures/generator_loss.png (PNG copy)> <./Figures/feature_matching.png (PNG c
opy)> <./Figures/mel_reconstruction.png (PNG copy)>] (./Template.bbl
Underfull \hbox (badness 6094) in paragraph at lines 11--16
[]\OT1/ptm/m/n/10 A[]aron van den Oord, Sander Diele-man, Heiga
 []


Underfull \hbox (badness 2073) in paragraph at lines 11--16
\OT1/ptm/m/n/10 Nal Kalch-bren-ner, An-drew W. Se-nior, and Ko-ray
 []


Underfull \hbox (badness 1199) in paragraph at lines 18--25
\OT1/ptm/m/n/10 Schus-ter, Navdeep Jaitly, Zongheng Yang, Zhifeng
 []


Underfull \hbox (badness 1342) in paragraph at lines 38--44
[]\OT1/ptm/m/n/10 Aaron van den Oord, Yazhe Li, Igor Babuschkin,
 []


Underfull \hbox (badness 1270) in paragraph at lines 46--49
[]\OT1/ptm/m/n/10 Ryan Prenger, Rafael Valle, and Bryan Catan-zaro,
 []


Underfull \hbox (badness 2020) in paragraph at lines 46--49
\OT1/ptm/m/n/10 ``Wave-g-low: A flow-based gen-er-a-tive net-work for
 []


Overfull \hbox (42.41365pt too wide) in paragraph at lines 65--67
[]\OT1/ptm/m/n/10 Projeto Guten-berg,  ``https://www.gutenberg.org/wiki/pt[]pri
ncipal,''
 []


Underfull \hbox (badness 1655) in paragraph at lines 69--72
[]\OT1/ptm/m/n/10 A Reliquia,  ``https://librivox.org/a-reliquia-by-jose-
 []


Overfull \hbox (39.11345pt too wide) in paragraph at lines 74--76
[]\OT1/ptm/m/n/10 A Reliquia(texto),  ``https://www.gutenberg.org/wiki/pt[]prin
cipal,''
 []


Underfull \hbox (badness 10000) in paragraph at lines 82--86
[]\OT1/ptm/m/n/10 E[]a de Queir[]os Car-tas de Inglaterra,
 []


Underfull \hbox (badness 10000) in paragraph at lines 82--86
\OT1/ptm/m/n/10 ``https://librivox.org/cartas-de-inglaterra-by-jose-
 []

)
Package atveryend Info: Empty hook `BeforeClearDocument' on input line 292.
 [4]
Package atveryend Info: Empty hook `AfterLastShipout' on input line 292.
 (./Template.aux)
Package atveryend Info: Executing hook `AtVeryEndDocument' on input line 292.
Package atveryend Info: Executing hook `AtEndAfterFileList' on input line 292.
Package rerunfilecheck Info: File `Template.out' has not changed.
(rerunfilecheck)             Checksum: AB96FF45BA3755F1AA6B398090DA17F6;892.


LaTeX Warning: There were multiply-defined labels.

Package atveryend Info: Empty hook `AtVeryVeryEnd' on input line 292.
 ) 
Here is how much of TeX's memory you used:
 7329 strings out of 492623
 104261 string characters out of 6135670
 211600 words of memory out of 5000000
 11081 multiletter control sequences out of 15000+600000
 27196 words of font info for 62 fonts, out of 8000000 for 9000
 1141 hyphenation exceptions out of 8191
 37i,12n,39p,879b,354s stack positions out of 5000i,500n,10000p,200000b,80000s
{/usr/share/texmf-dist/fonts/enc/dvips/base/8r.enc}</usr/share/texmf-dist/fon
ts/type1/public/amsfonts/cm/cmex10.pfb></usr/share/texmf-dist/fonts/type1/publi
c/amsfonts/cm/cmmi10.pfb></usr/share/texmf-dist/fonts/type1/public/amsfonts/cm/
cmmi5.pfb></usr/share/texmf-dist/fonts/type1/public/amsfonts/cm/cmmi7.pfb></usr
/share/texmf-dist/fonts/type1/public/amsfonts/cm/cmr10.pfb></usr/share/texmf-di
st/fonts/type1/public/amsfonts/cm/cmr7.pfb></usr/share/texmf-dist/fonts/type1/p
ublic/amsfonts/cm/cmsy10.pfb></usr/share/texmf-dist/fonts/type1/public/amsfonts
/cm/cmsy7.pfb></usr/share/texmf-dist/fonts/type1/public/amsfonts/symbols/msbm10
.pfb></usr/share/texmf-dist/fonts/type1/urw/times/utmb8a.pfb></usr/share/texmf-
dist/fonts/type1/urw/times/utmbi8a.pfb></usr/share/texmf-dist/fonts/type1/urw/t
imes/utmr8a.pfb></usr/share/texmf-dist/fonts/type1/urw/times/utmri8a.pfb>
Output written on Template.pdf (4 pages, 937277 bytes).
PDF statistics:
 256 PDF objects out of 1000 (max. 8388607)
 204 compressed objects within 3 object streams
 48 named destinations out of 1000 (max. 500000)
 158 words of extra memory for PDF output out of 10000 (max. 10000000)

